/Users/lbajo/ros2_mod_ws/install/lib/python3.7/site-packages/ament_package/__init__.py
/Users/lbajo/ros2_mod_ws/install/lib/python3.7/site-packages/ament_package/templates.py
/Users/lbajo/ros2_mod_ws/install/lib/python3.7/site-packages/ament_package/template/environment_hook/path.sh
/Users/lbajo/ros2_mod_ws/install/lib/python3.7/site-packages/ament_package/template/environment_hook/pkg_config_path.sh
/Users/lbajo/ros2_mod_ws/install/lib/python3.7/site-packages/ament_package/template/environment_hook/library_path.sh
/Users/lbajo/ros2_mod_ws/install/lib/python3.7/site-packages/ament_package/template/environment_hook/ament_prefix_path.sh
/Users/lbajo/ros2_mod_ws/install/lib/python3.7/site-packages/ament_package/template/environment_hook/pythonpath.sh.in
/Users/lbajo/ros2_mod_ws/install/lib/python3.7/site-packages/ament_package/template/environment_hook/pkg_config_path.bat
/Users/lbajo/ros2_mod_ws/install/lib/python3.7/site-packages/ament_package/template/environment_hook/path.bat
/Users/lbajo/ros2_mod_ws/install/lib/python3.7/site-packages/ament_package/template/environment_hook/pythonpath.bat.in
/Users/lbajo/ros2_mod_ws/install/lib/python3.7/site-packages/ament_package/template/environment_hook/ament_prefix_path.bat
/Users/lbajo/ros2_mod_ws/install/lib/python3.7/site-packages/ament_package/template/isolated_prefix_level/local_setup.bat.in
/Users/lbajo/ros2_mod_ws/install/lib/python3.7/site-packages/ament_package/template/isolated_prefix_level/_order_isolated_packages.py
/Users/lbajo/ros2_mod_ws/install/lib/python3.7/site-packages/ament_package/template/isolated_prefix_level/local_setup.sh.in
/Users/lbajo/ros2_mod_ws/install/lib/python3.7/site-packages/ament_package/template/isolated_prefix_level/local_setup.zsh
/Users/lbajo/ros2_mod_ws/install/lib/python3.7/site-packages/ament_package/template/isolated_prefix_level/local_setup.bash
/Users/lbajo/ros2_mod_ws/install/lib/python3.7/site-packages/ament_package/template/package_level/local_setup.bat.in
/Users/lbajo/ros2_mod_ws/install/lib/python3.7/site-packages/ament_package/template/package_level/local_setup.zsh.in
/Users/lbajo/ros2_mod_ws/install/lib/python3.7/site-packages/ament_package/template/package_level/local_setup.bash.in
/Users/lbajo/ros2_mod_ws/install/lib/python3.7/site-packages/ament_package/template/package_level/local_setup.sh.in
/Users/lbajo/ros2_mod_ws/install/lib/python3.7/site-packages/ament_package/template/prefix_level/local_setup.bat.in
/Users/lbajo/ros2_mod_ws/install/lib/python3.7/site-packages/ament_package/template/prefix_level/setup.zsh
/Users/lbajo/ros2_mod_ws/install/lib/python3.7/site-packages/ament_package/template/prefix_level/_order_packages.py
/Users/lbajo/ros2_mod_ws/install/lib/python3.7/site-packages/ament_package/template/prefix_level/setup.sh.in
/Users/lbajo/ros2_mod_ws/install/lib/python3.7/site-packages/ament_package/template/prefix_level/local_setup.sh.in
/Users/lbajo/ros2_mod_ws/install/lib/python3.7/site-packages/ament_package/template/prefix_level/local_setup.zsh
/Users/lbajo/ros2_mod_ws/install/lib/python3.7/site-packages/ament_package/template/prefix_level/setup.bash
/Users/lbajo/ros2_mod_ws/install/lib/python3.7/site-packages/ament_package/template/prefix_level/setup.bat.in
/Users/lbajo/ros2_mod_ws/install/lib/python3.7/site-packages/ament_package/template/prefix_level/local_setup.bash
/Users/lbajo/ros2_mod_ws/install/lib/python3.7/site-packages/ament_package/__pycache__/__init__.cpython-37.pyc
/Users/lbajo/ros2_mod_ws/install/lib/python3.7/site-packages/ament_package/__pycache__/templates.cpython-37.pyc
/Users/lbajo/ros2_mod_ws/install/lib/python3.7/site-packages/ament_package/template/isolated_prefix_level/__pycache__/_order_isolated_packages.cpython-37.pyc
/Users/lbajo/ros2_mod_ws/install/lib/python3.7/site-packages/ament_package/template/prefix_level/__pycache__/_order_packages.cpython-37.pyc
/Users/lbajo/ros2_mod_ws/install/lib/python3.7/site-packages/ament_package-0.5.2-py3.7.egg-info/PKG-INFO
/Users/lbajo/ros2_mod_ws/install/lib/python3.7/site-packages/ament_package-0.5.2-py3.7.egg-info/zip-safe
/Users/lbajo/ros2_mod_ws/install/lib/python3.7/site-packages/ament_package-0.5.2-py3.7.egg-info/SOURCES.txt
/Users/lbajo/ros2_mod_ws/install/lib/python3.7/site-packages/ament_package-0.5.2-py3.7.egg-info/top_level.txt
/Users/lbajo/ros2_mod_ws/install/lib/python3.7/site-packages/ament_package-0.5.2-py3.7.egg-info/dependency_links.txt
