/Users/lbajo/ros2_mod_ws/install/lib/python3.7/site-packages/osrf_pycommon/terminal_utils.py
/Users/lbajo/ros2_mod_ws/install/lib/python3.7/site-packages/osrf_pycommon/__init__.py
/Users/lbajo/ros2_mod_ws/install/lib/python3.7/site-packages/osrf_pycommon/terminal_color/__init__.py
/Users/lbajo/ros2_mod_ws/install/lib/python3.7/site-packages/osrf_pycommon/terminal_color/ansi_re.py
/Users/lbajo/ros2_mod_ws/install/lib/python3.7/site-packages/osrf_pycommon/terminal_color/impl.py
/Users/lbajo/ros2_mod_ws/install/lib/python3.7/site-packages/osrf_pycommon/terminal_color/windows.py
/Users/lbajo/ros2_mod_ws/install/lib/python3.7/site-packages/osrf_pycommon/process_utils/execute_process_nopty.py
/Users/lbajo/ros2_mod_ws/install/lib/python3.7/site-packages/osrf_pycommon/process_utils/async_execute_process.py
/Users/lbajo/ros2_mod_ws/install/lib/python3.7/site-packages/osrf_pycommon/process_utils/execute_process_pty.py
/Users/lbajo/ros2_mod_ws/install/lib/python3.7/site-packages/osrf_pycommon/process_utils/async_execute_process_trollius.py
/Users/lbajo/ros2_mod_ws/install/lib/python3.7/site-packages/osrf_pycommon/process_utils/__init__.py
/Users/lbajo/ros2_mod_ws/install/lib/python3.7/site-packages/osrf_pycommon/process_utils/impl.py
/Users/lbajo/ros2_mod_ws/install/lib/python3.7/site-packages/osrf_pycommon/process_utils/get_loop_impl.py
/Users/lbajo/ros2_mod_ws/install/lib/python3.7/site-packages/osrf_pycommon/cli_utils/verb_pattern.py
/Users/lbajo/ros2_mod_ws/install/lib/python3.7/site-packages/osrf_pycommon/cli_utils/__init__.py
/Users/lbajo/ros2_mod_ws/install/lib/python3.7/site-packages/osrf_pycommon/cli_utils/common.py
/Users/lbajo/ros2_mod_ws/install/lib/python3.7/site-packages/osrf_pycommon/process_utils/async_execute_process_asyncio/__init__.py
/Users/lbajo/ros2_mod_ws/install/lib/python3.7/site-packages/osrf_pycommon/process_utils/async_execute_process_asyncio/impl.py
/Users/lbajo/ros2_mod_ws/install/lib/python3.7/site-packages/osrf_pycommon/__pycache__/terminal_utils.cpython-37.pyc
/Users/lbajo/ros2_mod_ws/install/lib/python3.7/site-packages/osrf_pycommon/__pycache__/__init__.cpython-37.pyc
/Users/lbajo/ros2_mod_ws/install/lib/python3.7/site-packages/osrf_pycommon/terminal_color/__pycache__/__init__.cpython-37.pyc
/Users/lbajo/ros2_mod_ws/install/lib/python3.7/site-packages/osrf_pycommon/terminal_color/__pycache__/ansi_re.cpython-37.pyc
/Users/lbajo/ros2_mod_ws/install/lib/python3.7/site-packages/osrf_pycommon/terminal_color/__pycache__/impl.cpython-37.pyc
/Users/lbajo/ros2_mod_ws/install/lib/python3.7/site-packages/osrf_pycommon/terminal_color/__pycache__/windows.cpython-37.pyc
/Users/lbajo/ros2_mod_ws/install/lib/python3.7/site-packages/osrf_pycommon/process_utils/__pycache__/execute_process_nopty.cpython-37.pyc
/Users/lbajo/ros2_mod_ws/install/lib/python3.7/site-packages/osrf_pycommon/process_utils/__pycache__/async_execute_process.cpython-37.pyc
/Users/lbajo/ros2_mod_ws/install/lib/python3.7/site-packages/osrf_pycommon/process_utils/__pycache__/execute_process_pty.cpython-37.pyc
/Users/lbajo/ros2_mod_ws/install/lib/python3.7/site-packages/osrf_pycommon/process_utils/__pycache__/async_execute_process_trollius.cpython-37.pyc
/Users/lbajo/ros2_mod_ws/install/lib/python3.7/site-packages/osrf_pycommon/process_utils/__pycache__/__init__.cpython-37.pyc
/Users/lbajo/ros2_mod_ws/install/lib/python3.7/site-packages/osrf_pycommon/process_utils/__pycache__/impl.cpython-37.pyc
/Users/lbajo/ros2_mod_ws/install/lib/python3.7/site-packages/osrf_pycommon/process_utils/__pycache__/get_loop_impl.cpython-37.pyc
/Users/lbajo/ros2_mod_ws/install/lib/python3.7/site-packages/osrf_pycommon/cli_utils/__pycache__/verb_pattern.cpython-37.pyc
/Users/lbajo/ros2_mod_ws/install/lib/python3.7/site-packages/osrf_pycommon/cli_utils/__pycache__/__init__.cpython-37.pyc
/Users/lbajo/ros2_mod_ws/install/lib/python3.7/site-packages/osrf_pycommon/cli_utils/__pycache__/common.cpython-37.pyc
/Users/lbajo/ros2_mod_ws/install/lib/python3.7/site-packages/osrf_pycommon/process_utils/async_execute_process_asyncio/__pycache__/__init__.cpython-37.pyc
/Users/lbajo/ros2_mod_ws/install/lib/python3.7/site-packages/osrf_pycommon/process_utils/async_execute_process_asyncio/__pycache__/impl.cpython-37.pyc
/Users/lbajo/ros2_mod_ws/install/lib/python3.7/site-packages/osrf_pycommon-0.1.5-py3.7.egg-info/PKG-INFO
/Users/lbajo/ros2_mod_ws/install/lib/python3.7/site-packages/osrf_pycommon-0.1.5-py3.7.egg-info/zip-safe
/Users/lbajo/ros2_mod_ws/install/lib/python3.7/site-packages/osrf_pycommon-0.1.5-py3.7.egg-info/SOURCES.txt
/Users/lbajo/ros2_mod_ws/install/lib/python3.7/site-packages/osrf_pycommon-0.1.5-py3.7.egg-info/requires.txt
/Users/lbajo/ros2_mod_ws/install/lib/python3.7/site-packages/osrf_pycommon-0.1.5-py3.7.egg-info/top_level.txt
/Users/lbajo/ros2_mod_ws/install/lib/python3.7/site-packages/osrf_pycommon-0.1.5-py3.7.egg-info/dependency_links.txt
