/Users/lbajo/ros2_mod_ws/install/lib/python3.7/site-packages/ament_tools/build_type.py
/Users/lbajo/ros2_mod_ws/install/lib/python3.7/site-packages/ament_tools/__init__.py
/Users/lbajo/ros2_mod_ws/install/lib/python3.7/site-packages/ament_tools/topological_order.py
/Users/lbajo/ros2_mod_ws/install/lib/python3.7/site-packages/ament_tools/packages.py
/Users/lbajo/ros2_mod_ws/install/lib/python3.7/site-packages/ament_tools/build_type_discovery.py
/Users/lbajo/ros2_mod_ws/install/lib/python3.7/site-packages/ament_tools/context.py
/Users/lbajo/ros2_mod_ws/install/lib/python3.7/site-packages/ament_tools/helper.py
/Users/lbajo/ros2_mod_ws/install/lib/python3.7/site-packages/ament_tools/setup_arguments.py
/Users/lbajo/ros2_mod_ws/install/lib/python3.7/site-packages/ament_tools/build_types/cmake.py
/Users/lbajo/ros2_mod_ws/install/lib/python3.7/site-packages/ament_tools/build_types/__init__.py
/Users/lbajo/ros2_mod_ws/install/lib/python3.7/site-packages/ament_tools/build_types/cmake_common.py
/Users/lbajo/ros2_mod_ws/install/lib/python3.7/site-packages/ament_tools/build_types/ament_python.py
/Users/lbajo/ros2_mod_ws/install/lib/python3.7/site-packages/ament_tools/build_types/ament_cmake.py
/Users/lbajo/ros2_mod_ws/install/lib/python3.7/site-packages/ament_tools/build_types/common.py
/Users/lbajo/ros2_mod_ws/install/lib/python3.7/site-packages/ament_tools/build_types/bazel.py
/Users/lbajo/ros2_mod_ws/install/lib/python3.7/site-packages/ament_tools/package_types/cmake.py
/Users/lbajo/ros2_mod_ws/install/lib/python3.7/site-packages/ament_tools/package_types/__init__.py
/Users/lbajo/ros2_mod_ws/install/lib/python3.7/site-packages/ament_tools/package_types/ament.py
/Users/lbajo/ros2_mod_ws/install/lib/python3.7/site-packages/ament_tools/package_types/python.py
/Users/lbajo/ros2_mod_ws/install/lib/python3.7/site-packages/ament_tools/commands/__init__.py
/Users/lbajo/ros2_mod_ws/install/lib/python3.7/site-packages/ament_tools/commands/ament.py
/Users/lbajo/ros2_mod_ws/install/lib/python3.7/site-packages/ament_tools/verbs/package_name.py
/Users/lbajo/ros2_mod_ws/install/lib/python3.7/site-packages/ament_tools/verbs/list_dependencies.py
/Users/lbajo/ros2_mod_ws/install/lib/python3.7/site-packages/ament_tools/verbs/list_packages.py
/Users/lbajo/ros2_mod_ws/install/lib/python3.7/site-packages/ament_tools/verbs/__init__.py
/Users/lbajo/ros2_mod_ws/install/lib/python3.7/site-packages/ament_tools/verbs/package_version.py
/Users/lbajo/ros2_mod_ws/install/lib/python3.7/site-packages/ament_tools/verbs/test/__init__.py
/Users/lbajo/ros2_mod_ws/install/lib/python3.7/site-packages/ament_tools/verbs/test/cli.py
/Users/lbajo/ros2_mod_ws/install/lib/python3.7/site-packages/ament_tools/verbs/build_pkg/__init__.py
/Users/lbajo/ros2_mod_ws/install/lib/python3.7/site-packages/ament_tools/verbs/build_pkg/cli.py
/Users/lbajo/ros2_mod_ws/install/lib/python3.7/site-packages/ament_tools/verbs/uninstall/__init__.py
/Users/lbajo/ros2_mod_ws/install/lib/python3.7/site-packages/ament_tools/verbs/uninstall/cli.py
/Users/lbajo/ros2_mod_ws/install/lib/python3.7/site-packages/ament_tools/verbs/test_results/__init__.py
/Users/lbajo/ros2_mod_ws/install/lib/python3.7/site-packages/ament_tools/verbs/test_results/cli.py
/Users/lbajo/ros2_mod_ws/install/lib/python3.7/site-packages/ament_tools/verbs/build/__init__.py
/Users/lbajo/ros2_mod_ws/install/lib/python3.7/site-packages/ament_tools/verbs/build/cli.py
/Users/lbajo/ros2_mod_ws/install/lib/python3.7/site-packages/ament_tools/verbs/uninstall_pkg/__init__.py
/Users/lbajo/ros2_mod_ws/install/lib/python3.7/site-packages/ament_tools/verbs/uninstall_pkg/cli.py
/Users/lbajo/ros2_mod_ws/install/lib/python3.7/site-packages/ament_tools/verbs/test_pkg/__init__.py
/Users/lbajo/ros2_mod_ws/install/lib/python3.7/site-packages/ament_tools/verbs/test_pkg/cli.py
/Users/lbajo/ros2_mod_ws/install/lib/python3.7/site-packages/ament_tools/__pycache__/build_type.cpython-37.pyc
/Users/lbajo/ros2_mod_ws/install/lib/python3.7/site-packages/ament_tools/__pycache__/__init__.cpython-37.pyc
/Users/lbajo/ros2_mod_ws/install/lib/python3.7/site-packages/ament_tools/__pycache__/topological_order.cpython-37.pyc
/Users/lbajo/ros2_mod_ws/install/lib/python3.7/site-packages/ament_tools/__pycache__/packages.cpython-37.pyc
/Users/lbajo/ros2_mod_ws/install/lib/python3.7/site-packages/ament_tools/__pycache__/build_type_discovery.cpython-37.pyc
/Users/lbajo/ros2_mod_ws/install/lib/python3.7/site-packages/ament_tools/__pycache__/context.cpython-37.pyc
/Users/lbajo/ros2_mod_ws/install/lib/python3.7/site-packages/ament_tools/__pycache__/helper.cpython-37.pyc
/Users/lbajo/ros2_mod_ws/install/lib/python3.7/site-packages/ament_tools/__pycache__/setup_arguments.cpython-37.pyc
/Users/lbajo/ros2_mod_ws/install/lib/python3.7/site-packages/ament_tools/build_types/__pycache__/cmake.cpython-37.pyc
/Users/lbajo/ros2_mod_ws/install/lib/python3.7/site-packages/ament_tools/build_types/__pycache__/__init__.cpython-37.pyc
/Users/lbajo/ros2_mod_ws/install/lib/python3.7/site-packages/ament_tools/build_types/__pycache__/cmake_common.cpython-37.pyc
/Users/lbajo/ros2_mod_ws/install/lib/python3.7/site-packages/ament_tools/build_types/__pycache__/ament_python.cpython-37.pyc
/Users/lbajo/ros2_mod_ws/install/lib/python3.7/site-packages/ament_tools/build_types/__pycache__/ament_cmake.cpython-37.pyc
/Users/lbajo/ros2_mod_ws/install/lib/python3.7/site-packages/ament_tools/build_types/__pycache__/common.cpython-37.pyc
/Users/lbajo/ros2_mod_ws/install/lib/python3.7/site-packages/ament_tools/build_types/__pycache__/bazel.cpython-37.pyc
/Users/lbajo/ros2_mod_ws/install/lib/python3.7/site-packages/ament_tools/package_types/__pycache__/cmake.cpython-37.pyc
/Users/lbajo/ros2_mod_ws/install/lib/python3.7/site-packages/ament_tools/package_types/__pycache__/__init__.cpython-37.pyc
/Users/lbajo/ros2_mod_ws/install/lib/python3.7/site-packages/ament_tools/package_types/__pycache__/ament.cpython-37.pyc
/Users/lbajo/ros2_mod_ws/install/lib/python3.7/site-packages/ament_tools/package_types/__pycache__/python.cpython-37.pyc
/Users/lbajo/ros2_mod_ws/install/lib/python3.7/site-packages/ament_tools/commands/__pycache__/__init__.cpython-37.pyc
/Users/lbajo/ros2_mod_ws/install/lib/python3.7/site-packages/ament_tools/commands/__pycache__/ament.cpython-37.pyc
/Users/lbajo/ros2_mod_ws/install/lib/python3.7/site-packages/ament_tools/verbs/__pycache__/package_name.cpython-37.pyc
/Users/lbajo/ros2_mod_ws/install/lib/python3.7/site-packages/ament_tools/verbs/__pycache__/list_dependencies.cpython-37.pyc
/Users/lbajo/ros2_mod_ws/install/lib/python3.7/site-packages/ament_tools/verbs/__pycache__/list_packages.cpython-37.pyc
/Users/lbajo/ros2_mod_ws/install/lib/python3.7/site-packages/ament_tools/verbs/__pycache__/__init__.cpython-37.pyc
/Users/lbajo/ros2_mod_ws/install/lib/python3.7/site-packages/ament_tools/verbs/__pycache__/package_version.cpython-37.pyc
/Users/lbajo/ros2_mod_ws/install/lib/python3.7/site-packages/ament_tools/verbs/test/__pycache__/__init__.cpython-37.pyc
/Users/lbajo/ros2_mod_ws/install/lib/python3.7/site-packages/ament_tools/verbs/test/__pycache__/cli.cpython-37.pyc
/Users/lbajo/ros2_mod_ws/install/lib/python3.7/site-packages/ament_tools/verbs/build_pkg/__pycache__/__init__.cpython-37.pyc
/Users/lbajo/ros2_mod_ws/install/lib/python3.7/site-packages/ament_tools/verbs/build_pkg/__pycache__/cli.cpython-37.pyc
/Users/lbajo/ros2_mod_ws/install/lib/python3.7/site-packages/ament_tools/verbs/uninstall/__pycache__/__init__.cpython-37.pyc
/Users/lbajo/ros2_mod_ws/install/lib/python3.7/site-packages/ament_tools/verbs/uninstall/__pycache__/cli.cpython-37.pyc
/Users/lbajo/ros2_mod_ws/install/lib/python3.7/site-packages/ament_tools/verbs/test_results/__pycache__/__init__.cpython-37.pyc
/Users/lbajo/ros2_mod_ws/install/lib/python3.7/site-packages/ament_tools/verbs/test_results/__pycache__/cli.cpython-37.pyc
/Users/lbajo/ros2_mod_ws/install/lib/python3.7/site-packages/ament_tools/verbs/build/__pycache__/__init__.cpython-37.pyc
/Users/lbajo/ros2_mod_ws/install/lib/python3.7/site-packages/ament_tools/verbs/build/__pycache__/cli.cpython-37.pyc
/Users/lbajo/ros2_mod_ws/install/lib/python3.7/site-packages/ament_tools/verbs/uninstall_pkg/__pycache__/__init__.cpython-37.pyc
/Users/lbajo/ros2_mod_ws/install/lib/python3.7/site-packages/ament_tools/verbs/uninstall_pkg/__pycache__/cli.cpython-37.pyc
/Users/lbajo/ros2_mod_ws/install/lib/python3.7/site-packages/ament_tools/verbs/test_pkg/__pycache__/__init__.cpython-37.pyc
/Users/lbajo/ros2_mod_ws/install/lib/python3.7/site-packages/ament_tools/verbs/test_pkg/__pycache__/cli.cpython-37.pyc
/Users/lbajo/ros2_mod_ws/install/share/ament_tools/environment/ament-completion.bash
/Users/lbajo/ros2_mod_ws/install/share/ament_tools/environment/ament-completion.zsh
/Users/lbajo/ros2_mod_ws/install/lib/python3.7/site-packages/ament_tools-0.5.0-py3.7.egg-info/PKG-INFO
/Users/lbajo/ros2_mod_ws/install/lib/python3.7/site-packages/ament_tools-0.5.0-py3.7.egg-info/not-zip-safe
/Users/lbajo/ros2_mod_ws/install/lib/python3.7/site-packages/ament_tools-0.5.0-py3.7.egg-info/SOURCES.txt
/Users/lbajo/ros2_mod_ws/install/lib/python3.7/site-packages/ament_tools-0.5.0-py3.7.egg-info/entry_points.txt
/Users/lbajo/ros2_mod_ws/install/lib/python3.7/site-packages/ament_tools-0.5.0-py3.7.egg-info/requires.txt
/Users/lbajo/ros2_mod_ws/install/lib/python3.7/site-packages/ament_tools-0.5.0-py3.7.egg-info/top_level.txt
/Users/lbajo/ros2_mod_ws/install/lib/python3.7/site-packages/ament_tools-0.5.0-py3.7.egg-info/dependency_links.txt
/Users/lbajo/ros2_mod_ws/install/bin/ament
