/Users/lbajo/ros2_mod_ws/install/lib/python3.7/site-packages/ament_pclint/__init__.py
/Users/lbajo/ros2_mod_ws/install/lib/python3.7/site-packages/ament_pclint/main.py
/Users/lbajo/ros2_mod_ws/install/lib/python3.7/site-packages/ament_pclint/config/gcc/co-g++.h
/Users/lbajo/ros2_mod_ws/install/lib/python3.7/site-packages/ament_pclint/config/gcc/co-g++.lnt
/Users/lbajo/ros2_mod_ws/install/lib/python3.7/site-packages/ament_pclint/config/gcc/co-gcc.h
/Users/lbajo/ros2_mod_ws/install/lib/python3.7/site-packages/ament_pclint/config/gcc/co-gcc.lnt
/Users/lbajo/ros2_mod_ws/install/lib/python3.7/site-packages/ament_pclint/config/gcc/co-osx-g++.h
/Users/lbajo/ros2_mod_ws/install/lib/python3.7/site-packages/ament_pclint/config/gcc/co-osx-g++.lnt
/Users/lbajo/ros2_mod_ws/install/lib/python3.7/site-packages/ament_pclint/config/gcc/co-osx-gcc.h
/Users/lbajo/ros2_mod_ws/install/lib/python3.7/site-packages/ament_pclint/config/gcc/co-osx-gcc.lnt
/Users/lbajo/ros2_mod_ws/install/lib/python3.7/site-packages/ament_pclint/config/msvc/co-cl.lnt
/Users/lbajo/ros2_mod_ws/install/lib/python3.7/site-packages/ament_pclint/config/msvc/co-cl++.lnt
/Users/lbajo/ros2_mod_ws/install/lib/python3.7/site-packages/ament_pclint/config/msvc/co-cl.h
/Users/lbajo/ros2_mod_ws/install/lib/python3.7/site-packages/ament_pclint/config/au-misra3.lnt
/Users/lbajo/ros2_mod_ws/install/lib/python3.7/site-packages/ament_pclint/config/au-misra-cpp.lnt
/Users/lbajo/ros2_mod_ws/install/lib/python3.7/site-packages/ament_pclint/config/c99.lnt
/Users/lbajo/ros2_mod_ws/install/lib/python3.7/site-packages/ament_pclint/config/c++.lnt
/Users/lbajo/ros2_mod_ws/install/lib/python3.7/site-packages/ament_pclint/config/deprecate.lnt
/Users/lbajo/ros2_mod_ws/install/lib/python3.7/site-packages/ament_pclint/config/env-xml.lnt
/Users/lbajo/ros2_mod_ws/install/lib/python3.7/site-packages/ament_pclint/__pycache__/__init__.cpython-37.pyc
/Users/lbajo/ros2_mod_ws/install/lib/python3.7/site-packages/ament_pclint/__pycache__/main.cpython-37.pyc
/Users/lbajo/ros2_mod_ws/install/lib/python3.7/site-packages/ament_pclint-0.5.2-py3.7.egg-info/PKG-INFO
/Users/lbajo/ros2_mod_ws/install/lib/python3.7/site-packages/ament_pclint-0.5.2-py3.7.egg-info/not-zip-safe
/Users/lbajo/ros2_mod_ws/install/lib/python3.7/site-packages/ament_pclint-0.5.2-py3.7.egg-info/SOURCES.txt
/Users/lbajo/ros2_mod_ws/install/lib/python3.7/site-packages/ament_pclint-0.5.2-py3.7.egg-info/entry_points.txt
/Users/lbajo/ros2_mod_ws/install/lib/python3.7/site-packages/ament_pclint-0.5.2-py3.7.egg-info/requires.txt
/Users/lbajo/ros2_mod_ws/install/lib/python3.7/site-packages/ament_pclint-0.5.2-py3.7.egg-info/top_level.txt
/Users/lbajo/ros2_mod_ws/install/lib/python3.7/site-packages/ament_pclint-0.5.2-py3.7.egg-info/dependency_links.txt
/Users/lbajo/ros2_mod_ws/install/bin/ament_pclint
