/Users/lbajo/ros2_mod_ws/install/lib/python3.7/site-packages/ament_copyright/__init__.py
/Users/lbajo/ros2_mod_ws/install/lib/python3.7/site-packages/ament_copyright/copyright_names.py
/Users/lbajo/ros2_mod_ws/install/lib/python3.7/site-packages/ament_copyright/parser.py
/Users/lbajo/ros2_mod_ws/install/lib/python3.7/site-packages/ament_copyright/licenses.py
/Users/lbajo/ros2_mod_ws/install/lib/python3.7/site-packages/ament_copyright/main.py
/Users/lbajo/ros2_mod_ws/install/lib/python3.7/site-packages/ament_copyright/crawler.py
/Users/lbajo/ros2_mod_ws/install/lib/python3.7/site-packages/ament_copyright/template/bsd2_license.txt
/Users/lbajo/ros2_mod_ws/install/lib/python3.7/site-packages/ament_copyright/template/bsd2_header.txt
/Users/lbajo/ros2_mod_ws/install/lib/python3.7/site-packages/ament_copyright/template/apache2_license.txt
/Users/lbajo/ros2_mod_ws/install/lib/python3.7/site-packages/ament_copyright/template/bsd2_contributing.txt
/Users/lbajo/ros2_mod_ws/install/lib/python3.7/site-packages/ament_copyright/template/apache2_contributing.txt
/Users/lbajo/ros2_mod_ws/install/lib/python3.7/site-packages/ament_copyright/template/apache2_header.txt
/Users/lbajo/ros2_mod_ws/install/lib/python3.7/site-packages/ament_copyright/__pycache__/__init__.cpython-37.pyc
/Users/lbajo/ros2_mod_ws/install/lib/python3.7/site-packages/ament_copyright/__pycache__/copyright_names.cpython-37.pyc
/Users/lbajo/ros2_mod_ws/install/lib/python3.7/site-packages/ament_copyright/__pycache__/parser.cpython-37.pyc
/Users/lbajo/ros2_mod_ws/install/lib/python3.7/site-packages/ament_copyright/__pycache__/licenses.cpython-37.pyc
/Users/lbajo/ros2_mod_ws/install/lib/python3.7/site-packages/ament_copyright/__pycache__/main.cpython-37.pyc
/Users/lbajo/ros2_mod_ws/install/lib/python3.7/site-packages/ament_copyright/__pycache__/crawler.cpython-37.pyc
/Users/lbajo/ros2_mod_ws/install/lib/python3.7/site-packages/ament_copyright-0.5.2-py3.7.egg-info/PKG-INFO
/Users/lbajo/ros2_mod_ws/install/lib/python3.7/site-packages/ament_copyright-0.5.2-py3.7.egg-info/not-zip-safe
/Users/lbajo/ros2_mod_ws/install/lib/python3.7/site-packages/ament_copyright-0.5.2-py3.7.egg-info/SOURCES.txt
/Users/lbajo/ros2_mod_ws/install/lib/python3.7/site-packages/ament_copyright-0.5.2-py3.7.egg-info/entry_points.txt
/Users/lbajo/ros2_mod_ws/install/lib/python3.7/site-packages/ament_copyright-0.5.2-py3.7.egg-info/requires.txt
/Users/lbajo/ros2_mod_ws/install/lib/python3.7/site-packages/ament_copyright-0.5.2-py3.7.egg-info/top_level.txt
/Users/lbajo/ros2_mod_ws/install/lib/python3.7/site-packages/ament_copyright-0.5.2-py3.7.egg-info/dependency_links.txt
/Users/lbajo/ros2_mod_ws/install/bin/ament_copyright
